#
# There is insufficient memory for the Java Runtime Environment to continue.
# Native memory allocation (malloc) failed to allocate 1904656 bytes for Chunk::new
# Possible reasons:
#   The system is out of physical RAM or swap space
#   The process is running with CompressedOops enabled, and the Java Heap may be blocking the growth of the native heap
# Possible solutions:
#   Reduce memory load on the system
#   Increase physical memory or swap space
#   Check if swap backing store is full
#   Decrease Java heap size (-Xmx/-Xms)
#   Decrease number of Java threads
#   Decrease Java thread stack sizes (-Xss)
#   Set larger code cache with -XX:ReservedCodeCacheSize=
#   JVM is running with Zero Based Compressed Oops mode in which the Java heap is
#     placed in the first 32GB address space. The Java Heap base address is the
#     maximum limit for the native heap growth. Please use -XX:HeapBaseMinAddress
#     to set the Java Heap base and to place the Java Heap above 32GB virtual address.
# This output file may be truncated or incomplete.
#
#  Out of Memory Error (allocation.cpp:389), pid=11896, tid=0x0000000000000830
#
# JRE version: Java(TM) SE Runtime Environment (8.0_281-b09) (build 1.8.0_281-b09)
# Java VM: Java HotSpot(TM) 64-Bit Server VM (25.281-b09 mixed mode windows-amd64 compressed oops)
# Failed to write core dump. Minidumps are not enabled by default on client versions of Windows
#

---------------  T H R E A D  ---------------

Current thread (0x0000016ab1d47000):  JavaThread "C2 CompilerThread0" daemon [_thread_in_native, id=2096, stack(0x00000017aa000000,0x00000017aa100000)]

Stack: [0x00000017aa000000,0x00000017aa100000]
Native frames: (J=compiled Java code, j=interpreted, Vv=VM code, C=native code)
V  [jvm.dll+0x32e5b9]
V  [jvm.dll+0x275012]
V  [jvm.dll+0x275cbd]
V  [jvm.dll+0x26c6f5]
V  [jvm.dll+0xd51fc]
V  [jvm.dll+0xd59fc]
V  [jvm.dll+0x46f8c3]
V  [jvm.dll+0x4373e0]
V  [jvm.dll+0x4403d5]
V  [jvm.dll+0x43f795]
V  [jvm.dll+0x42a5e7]
V  [jvm.dll+0xabe9b]
V  [jvm.dll+0xaa4fb]
V  [jvm.dll+0x23d6b2]
V  [jvm.dll+0x291cbc]
C  [ucrtbase.dll+0x21bb2]
C  [KERNEL32.DLL+0x17034]
C  [ntdll.dll+0x526a1]


Current CompileTask:
C2:   3794 2945   !   4       org.springframework.core.annotation.AnnotationsScanner::processClassHierarchy (227 bytes)


---------------  P R O C E S S  ---------------

Java Threads: ( => current thread )
  0x0000016ab1ddf000 JavaThread "Service Thread" daemon [_thread_blocked, id=12776, stack(0x00000017aa300000,0x00000017aa400000)]
  0x0000016ab1d55000 JavaThread "C1 CompilerThread2" daemon [_thread_in_vm, id=17328, stack(0x00000017aa200000,0x00000017aa300000)]
  0x0000016ab1d48000 JavaThread "C2 CompilerThread1" daemon [_thread_in_vm, id=4572, stack(0x00000017aa100000,0x00000017aa200000)]
=>0x0000016ab1d47000 JavaThread "C2 CompilerThread0" daemon [_thread_in_native, id=2096, stack(0x00000017aa000000,0x00000017aa100000)]
  0x0000016ab1d42000 JavaThread "Monitor Ctrl-Break" daemon [_thread_in_native, id=16412, stack(0x00000017a9f00000,0x00000017aa000000)]
  0x0000016ab085f000 JavaThread "Attach Listener" daemon [_thread_blocked, id=9496, stack(0x00000017a9e00000,0x00000017a9f00000)]
  0x0000016ab085e000 JavaThread "Signal Dispatcher" daemon [_thread_blocked, id=16016, stack(0x00000017a9d00000,0x00000017a9e00000)]
  0x0000016ab083a800 JavaThread "Finalizer" daemon [_thread_blocked, id=2228, stack(0x00000017a9c00000,0x00000017a9d00000)]
  0x0000016ab0832000 JavaThread "Reference Handler" daemon [_thread_blocked, id=7824, stack(0x00000017a9b00000,0x00000017a9c00000)]
  0x0000016a95ee8000 JavaThread "main" [_thread_in_vm, id=13824, stack(0x00000017a9500000,0x00000017a9600000)]

Other Threads:
  0x0000016ab0806000 VMThread [stack: 0x00000017a9a00000,0x00000017a9b00000] [id=1984]
  0x0000016ab1ecb000 WatcherThread [stack: 0x00000017aa400000,0x00000017aa500000] [id=16840]

VM state:not at safepoint (normal execution)

VM Mutex/Monitor currently owned by a thread: None

heap address: 0x00000006c6600000, size: 3994 MB, Compressed Oops mode: Zero based, Oop shift amount: 3
Narrow klass base: 0x0000000000000000, Narrow klass shift: 3
Compressed class space size: 1073741824 Address: 0x00000007c0000000

Heap:
 PSYoungGen      total 74752K, used 37454K [0x000000076cd00000, 0x0000000773d00000, 0x00000007c0000000)
  eden space 64512K, 44% used [0x000000076cd00000,0x000000076e93d6a8,0x0000000770c00000)
  from space 10240K, 83% used [0x0000000770c00000,0x0000000771456520,0x0000000771600000)
  to   space 9728K, 0% used [0x0000000773380000,0x0000000773380000,0x0000000773d00000)
 ParOldGen       total 100352K, used 7311K [0x00000006c6600000, 0x00000006cc800000, 0x000000076cd00000)
  object space 100352K, 7% used [0x00000006c6600000,0x00000006c6d23ec8,0x00000006cc800000)
 Metaspace       used 32047K, capacity 34124K, committed 34432K, reserved 1079296K
  class space    used 4275K, capacity 4657K, committed 4736K, reserved 1048576K

Card table byte_map: [0x0000016aa6cb0000,0x0000016aa7480000] byte_map_base: 0x0000016aa367d000

Marking Bits: (ParMarkBitMap*) 0x0000000073456ff0
 Begin Bits: [0x0000016aa79c0000, 0x0000016aab828000)
 End Bits:   [0x0000016aab828000, 0x0000016aaf690000)

Polling page: 0x0000016a95e70000

CodeCache: size=245760Kb used=10774Kb max_used=10774Kb free=234985Kb
 bounds [0x0000016a978f0000, 0x0000016a98380000, 0x0000016aa68f0000]
 total_blobs=3416 nmethods=3024 adapters=304
 compilation: enabled

Compilation events (10 events):
Event: 3.746 Thread 0x0000016ab1d55000 nmethod 3031 0x0000016a98371b10 code [0x0000016a98371c60, 0x0000016a98371d98]
Event: 3.752 Thread 0x0000016ab1d48000 nmethod 3021 0x0000016a98372610 code [0x0000016a983727a0, 0x0000016a98372d18]
Event: 3.752 Thread 0x0000016ab1d48000 3029       4       java.lang.reflect.Method::getParameterTypes (11 bytes)
Event: 3.753 Thread 0x0000016ab1d48000 nmethod 3029 0x0000016a983722d0 code [0x0000016a98372420, 0x0000016a98372558]
Event: 3.756 Thread 0x0000016ab1d55000 3032       3       java.util.Hashtable::rehash (142 bytes)
Event: 3.756 Thread 0x0000016ab1d55000 nmethod 3032 0x0000016a9837a4d0 code [0x0000016a9837a6a0, 0x0000016a9837ad10]
Event: 3.761 Thread 0x0000016ab1d55000 3033       3       java.net.URI$Parser::scan (73 bytes)
Event: 3.762 Thread 0x0000016ab1d55000 nmethod 3033 0x0000016a98379750 code [0x0000016a98379920, 0x0000016a9837a030]
Event: 3.762 Thread 0x0000016ab1d55000 3034       3       java.net.URI$Parser::scan (50 bytes)
Event: 3.763 Thread 0x0000016ab1d55000 nmethod 3034 0x0000016a98378890 code [0x0000016a98378a60, 0x0000016a983792f0]

GC Heap History (10 events):
Event: 1.681 GC heap before
{Heap before GC invocations=2 (full 0):
 PSYoungGen      total 74752K, used 71702K [0x000000076cd00000, 0x0000000772000000, 0x00000007c0000000)
  eden space 64512K, 100% used [0x000000076cd00000,0x0000000770c00000,0x0000000770c00000)
  from space 10240K, 70% used [0x0000000770c00000,0x0000000771305b78,0x0000000771600000)
  to   space 10240K, 0% used [0x0000000771600000,0x0000000771600000,0x0000000772000000)
 ParOldGen       total 171008K, used 59K [0x00000006c6600000, 0x00000006d0d00000, 0x000000076cd00000)
  object space 171008K, 0% used [0x00000006c6600000,0x00000006c660ef00,0x00000006d0d00000)
 Metaspace       used 18180K, capacity 18988K, committed 19072K, reserved 1064960K
  class space    used 2426K, capacity 2635K, committed 2688K, reserved 1048576K
Event: 1.690 GC heap after
Heap after GC invocations=2 (full 0):
 PSYoungGen      total 74752K, used 8952K [0x000000076cd00000, 0x0000000772000000, 0x00000007c0000000)
  eden space 64512K, 0% used [0x000000076cd00000,0x000000076cd00000,0x0000000770c00000)
  from space 10240K, 87% used [0x0000000771600000,0x0000000771ebe330,0x0000000772000000)
  to   space 10240K, 0% used [0x0000000770c00000,0x0000000770c00000,0x0000000771600000)
 ParOldGen       total 171008K, used 67K [0x00000006c6600000, 0x00000006d0d00000, 0x000000076cd00000)
  object space 171008K, 0% used [0x00000006c6600000,0x00000006c6610f00,0x00000006d0d00000)
 Metaspace       used 18180K, capacity 18988K, committed 19072K, reserved 1064960K
  class space    used 2426K, capacity 2635K, committed 2688K, reserved 1048576K
}
Event: 1.805 GC heap before
{Heap before GC invocations=3 (full 0):
 PSYoungGen      total 74752K, used 71200K [0x000000076cd00000, 0x0000000772000000, 0x00000007c0000000)
  eden space 64512K, 96% used [0x000000076cd00000,0x00000007709c9da8,0x0000000770c00000)
  from space 10240K, 87% used [0x0000000771600000,0x0000000771ebe330,0x0000000772000000)
  to   space 10240K, 0% used [0x0000000770c00000,0x0000000770c00000,0x0000000771600000)
 ParOldGen       total 171008K, used 67K [0x00000006c6600000, 0x00000006d0d00000, 0x000000076cd00000)
  object space 171008K, 0% used [0x00000006c6600000,0x00000006c6610f00,0x00000006d0d00000)
 Metaspace       used 20332K, capacity 21182K, committed 21296K, reserved 1067008K
  class space    used 2647K, capacity 2844K, committed 2944K, reserved 1048576K
Event: 1.813 GC heap after
Heap after GC invocations=3 (full 0):
 PSYoungGen      total 74752K, used 7502K [0x000000076cd00000, 0x0000000772000000, 0x00000007c0000000)
  eden space 64512K, 0% used [0x000000076cd00000,0x000000076cd00000,0x0000000770c00000)
  from space 10240K, 73% used [0x0000000770c00000,0x0000000771353b68,0x0000000771600000)
  to   space 10240K, 0% used [0x0000000771600000,0x0000000771600000,0x0000000772000000)
 ParOldGen       total 171008K, used 75K [0x00000006c6600000, 0x00000006d0d00000, 0x000000076cd00000)
  object space 171008K, 0% used [0x00000006c6600000,0x00000006c6612f00,0x00000006d0d00000)
 Metaspace       used 20332K, capacity 21182K, committed 21296K, reserved 1067008K
  class space    used 2647K, capacity 2844K, committed 2944K, reserved 1048576K
}
Event: 1.813 GC heap before
{Heap before GC invocations=4 (full 1):
 PSYoungGen      total 74752K, used 7502K [0x000000076cd00000, 0x0000000772000000, 0x00000007c0000000)
  eden space 64512K, 0% used [0x000000076cd00000,0x000000076cd00000,0x0000000770c00000)
  from space 10240K, 73% used [0x0000000770c00000,0x0000000771353b68,0x0000000771600000)
  to   space 10240K, 0% used [0x0000000771600000,0x0000000771600000,0x0000000772000000)
 ParOldGen       total 171008K, used 75K [0x00000006c6600000, 0x00000006d0d00000, 0x000000076cd00000)
  object space 171008K, 0% used [0x00000006c6600000,0x00000006c6612f00,0x00000006d0d00000)
 Metaspace       used 20332K, capacity 21182K, committed 21296K, reserved 1067008K
  class space    used 2647K, capacity 2844K, committed 2944K, reserved 1048576K
Event: 1.855 GC heap after
Heap after GC invocations=4 (full 1):
 PSYoungGen      total 74752K, used 0K [0x000000076cd00000, 0x0000000772000000, 0x00000007c0000000)
  eden space 64512K, 0% used [0x000000076cd00000,0x000000076cd00000,0x0000000770c00000)
  from space 10240K, 0% used [0x0000000770c00000,0x0000000770c00000,0x0000000771600000)
  to   space 10240K, 0% used [0x0000000771600000,0x0000000771600000,0x0000000772000000)
 ParOldGen       total 100352K, used 7295K [0x00000006c6600000, 0x00000006cc800000, 0x000000076cd00000)
  object space 100352K, 7% used [0x00000006c6600000,0x00000006c6d1fec8,0x00000006cc800000)
 Metaspace       used 20332K, capacity 21182K, committed 21296K, reserved 1067008K
  class space    used 2647K, capacity 2844K, committed 2944K, reserved 1048576K
}
Event: 2.304 GC heap before
{Heap before GC invocations=5 (full 1):
 PSYoungGen      total 74752K, used 64512K [0x000000076cd00000, 0x0000000772000000, 0x00000007c0000000)
  eden space 64512K, 100% used [0x000000076cd00000,0x0000000770c00000,0x0000000770c00000)
  from space 10240K, 0% used [0x0000000770c00000,0x0000000770c00000,0x0000000771600000)
  to   space 10240K, 0% used [0x0000000771600000,0x0000000771600000,0x0000000772000000)
 ParOldGen       total 100352K, used 7295K [0x00000006c6600000, 0x00000006cc800000, 0x000000076cd00000)
  object space 100352K, 7% used [0x00000006c6600000,0x00000006c6d1fec8,0x00000006cc800000)
 Metaspace       used 24561K, capacity 25646K, committed 25856K, reserved 1071104K
  class space    used 3207K, capacity 3464K, committed 3584K, reserved 1048576K
Event: 2.309 GC heap after
Heap after GC invocations=5 (full 1):
 PSYoungGen      total 74752K, used 7189K [0x000000076cd00000, 0x0000000774100000, 0x00000007c0000000)
  eden space 64512K, 0% used [0x000000076cd00000,0x000000076cd00000,0x0000000770c00000)
  from space 10240K, 70% used [0x0000000771600000,0x0000000771d05508,0x0000000772000000)
  to   space 10240K, 0% used [0x0000000770c00000,0x0000000770c00000,0x0000000771600000)
 ParOldGen       total 100352K, used 7303K [0x00000006c6600000, 0x00000006cc800000, 0x000000076cd00000)
  object space 100352K, 7% used [0x00000006c6600000,0x00000006c6d21ec8,0x00000006cc800000)
 Metaspace       used 24561K, capacity 25646K, committed 25856K, reserved 1071104K
  class space    used 3207K, capacity 3464K, committed 3584K, reserved 1048576K
}
Event: 3.133 GC heap before
{Heap before GC invocations=6 (full 1):
 PSYoungGen      total 74752K, used 71701K [0x000000076cd00000, 0x0000000774100000, 0x00000007c0000000)
  eden space 64512K, 100% used [0x000000076cd00000,0x0000000770c00000,0x0000000770c00000)
  from space 10240K, 70% used [0x0000000771600000,0x0000000771d05508,0x0000000772000000)
  to   space 10240K, 0% used [0x0000000770c00000,0x0000000770c00000,0x0000000771600000)
 ParOldGen       total 100352K, used 7303K [0x00000006c6600000, 0x00000006cc800000, 0x000000076cd00000)
  object space 100352K, 7% used [0x00000006c6600000,0x00000006c6d21ec8,0x00000006cc800000)
 Metaspace       used 29155K, capacity 30704K, committed 30848K, reserved 1075200K
  class space    used 3876K, capacity 4175K, committed 4224K, reserved 1048576K
Event: 3.139 GC heap after
Heap after GC invocations=6 (full 1):
 PSYoungGen      total 74752K, used 8537K [0x000000076cd00000, 0x0000000773d00000, 0x00000007c0000000)
  eden space 64512K, 0% used [0x000000076cd00000,0x000000076cd00000,0x0000000770c00000)
  from space 10240K, 83% used [0x0000000770c00000,0x0000000771456520,0x0000000771600000)
  to   space 9728K, 0% used [0x0000000773380000,0x0000000773380000,0x0000000773d00000)
 ParOldGen       total 100352K, used 7311K [0x00000006c6600000, 0x00000006cc800000, 0x000000076cd00000)
  object space 100352K, 7% used [0x00000006c6600000,0x00000006c6d23ec8,0x00000006cc800000)
 Metaspace       used 29155K, capacity 30704K, committed 30848K, reserved 1075200K
  class space    used 3876K, capacity 4175K, committed 4224K, reserved 1048576K
}

Deoptimization events (10 events):
Event: 3.225 Thread 0x0000016a95ee8000 Uncommon trap: reason=unstable_if action=reinterpret pc=0x0000016a97e2003c method=java.util.HashMap.putVal(ILjava/lang/Object;Ljava/lang/Object;ZZ)Ljava/lang/Object; @ 162
Event: 3.226 Thread 0x0000016a95ee8000 Uncommon trap: reason=unstable_if action=reinterpret pc=0x0000016a97d42880 method=java.util.HashMap.getNode(ILjava/lang/Object;)Ljava/util/HashMap$Node; @ 84
Event: 3.226 Thread 0x0000016a95ee8000 Uncommon trap: reason=unstable_if action=reinterpret pc=0x0000016a981b3b78 method=java.util.HashMap.putVal(ILjava/lang/Object;Ljava/lang/Object;ZZ)Ljava/lang/Object; @ 109
Event: 3.226 Thread 0x0000016a95ee8000 Uncommon trap: reason=class_check action=maybe_recompile pc=0x0000016a98286524 method=java.util.concurrent.ConcurrentHashMap.putVal(Ljava/lang/Object;Ljava/lang/Object;Z)Ljava/lang/Object; @ 192
Event: 3.259 Thread 0x0000016a95ee8000 Uncommon trap: reason=unstable_if action=reinterpret pc=0x0000016a97e9ddd0 method=java.util.HashMap.resize()[Ljava/util/HashMap$Node; @ 206
Event: 3.260 Thread 0x0000016a95ee8000 Uncommon trap: reason=unstable_if action=reinterpret pc=0x0000016a97b92384 method=java.util.HashMap.getNode(ILjava/lang/Object;)Ljava/util/HashMap$Node; @ 129
Event: 3.262 Thread 0x0000016a95ee8000 Uncommon trap: reason=class_check action=maybe_recompile pc=0x0000016a98286524 method=java.util.concurrent.ConcurrentHashMap.putVal(Ljava/lang/Object;Ljava/lang/Object;Z)Ljava/lang/Object; @ 192
Event: 3.263 Thread 0x0000016a95ee8000 Uncommon trap: reason=class_check action=maybe_recompile pc=0x0000016a98286524 method=java.util.concurrent.ConcurrentHashMap.putVal(Ljava/lang/Object;Ljava/lang/Object;Z)Ljava/lang/Object; @ 192
Event: 3.393 Thread 0x0000016a95ee8000 Uncommon trap: reason=unstable_if action=reinterpret pc=0x0000016a981495d8 method=java.util.LinkedHashMap.get(Ljava/lang/Object;)Ljava/lang/Object; @ 20
Event: 3.398 Thread 0x0000016a95ee8000 Uncommon trap: reason=unstable_if action=reinterpret pc=0x0000016a97e64a34 method=java.util.Properties.loadConvert([CII[C)Ljava/lang/String; @ 57

Classes redefined (0 events):
No events

Internal exceptions (10 events):
Event: 3.116 Thread 0x0000016a95ee8000 Exception <a 'java/lang/ClassNotFoundException': java/lang/ObjectCustomizer> (0x0000000770a2f570) thrown at [C:\jenkins\workspace\8-2-build-windows-amd64-cygwin\jdk8u281\880\hotspot\src\share\vm\classfile\systemDictionary.cpp, line 212]
Event: 3.117 Thread 0x0000016a95ee8000 Exception <a 'java/lang/ClassNotFoundException': org/springframework/aop/support/AbstractPointcutAdvisorCustomizer> (0x0000000770a4a4b0) thrown at [C:\jenkins\workspace\8-2-build-windows-amd64-cygwin\jdk8u281\880\hotspot\src\share\vm\classfile\systemDicti
Event: 3.118 Thread 0x0000016a95ee8000 Exception <a 'java/lang/ClassNotFoundException': org/springframework/security/access/intercept/aopalliance/MethodSecurityMetadataSourceAdvisorCustomizer> (0x0000000770a71088) thrown at [C:\jenkins\workspace\8-2-build-windows-amd64-cygwin\jdk8u281\880\hots
Event: 3.118 Thread 0x0000016a95ee8000 Exception <a 'java/lang/ClassNotFoundException': org/springframework/beans/factory/BeanFactoryAwareCustomizer> (0x0000000770a906d0) thrown at [C:\jenkins\workspace\8-2-build-windows-amd64-cygwin\jdk8u281\880\hotspot\src\share\vm\classfile\systemDictionary
Event: 3.119 Thread 0x0000016a95ee8000 Exception <a 'java/lang/ClassNotFoundException': org/springframework/beans/factory/AwareCustomizer> (0x0000000770aa52b0) thrown at [C:\jenkins\workspace\8-2-build-windows-amd64-cygwin\jdk8u281\880\hotspot\src\share\vm\classfile\systemDictionary.cpp, line 
Event: 3.119 Thread 0x0000016a95ee8000 Exception <a 'java/lang/ClassNotFoundException': org/springframework/aop/PointcutAdvisorCustomizer> (0x0000000770ab88e0) thrown at [C:\jenkins\workspace\8-2-build-windows-amd64-cygwin\jdk8u281\880\hotspot\src\share\vm\classfile\systemDictionary.cpp, line 
Event: 3.120 Thread 0x0000016a95ee8000 Exception <a 'java/lang/ClassNotFoundException': org/springframework/aop/AdvisorCustomizer> (0x0000000770acb120) thrown at [C:\jenkins\workspace\8-2-build-windows-amd64-cygwin\jdk8u281\880\hotspot\src\share\vm\classfile\systemDictionary.cpp, line 212]
Event: 3.120 Thread 0x0000016a95ee8000 Exception <a 'java/lang/ClassNotFoundException': org/springframework/core/OrderedCustomizer> (0x0000000770ade1c8) thrown at [C:\jenkins\workspace\8-2-build-windows-amd64-cygwin\jdk8u281\880\hotspot\src\share\vm\classfile\systemDictionary.cpp, line 212]
Event: 3.150 Thread 0x0000016a95ee8000 Exception <a 'java/lang/NoSuchMethodError': java.lang.Object.lambda$map$1(Ljava/util/function/Function;)Ljava/util/stream/Stream;> (0x000000076cddf640) thrown at [C:\jenkins\workspace\8-2-build-windows-amd64-cygwin\jdk8u281\880\hotspot\src\share\vm\interp
Event: 3.290 Thread 0x0000016a95ee8000 Exception <a 'java/lang/IncompatibleClassChangeError': Found class java.lang.Object, but interface was expected> (0x000000076d66c950) thrown at [C:\jenkins\workspace\8-2-build-windows-amd64-cygwin\jdk8u281\880\hotspot\src\share\vm\interpreter\linkResolver

Events (10 events):
Event: 3.774 loading class org/apache/catalina/core/StandardContextValve
Event: 3.774 loading class org/apache/catalina/core/StandardContextValve done
Event: 3.775 loading class javax/management/NotificationBroadcasterSupport
Event: 3.775 loading class javax/management/NotificationBroadcasterSupport done
Event: 3.775 loading class javax/management/NotificationBroadcasterSupport$1
Event: 3.775 loading class javax/management/NotificationBroadcasterSupport$1 done
Event: 3.775 loading class javax/management/MBeanNotificationInfo
Event: 3.775 loading class javax/management/MBeanNotificationInfo done
Event: 3.775 loading class com/sun/jmx/remote/util/ClassLogger
Event: 3.775 loading class com/sun/jmx/remote/util/ClassLogger done


Dynamic libraries:
0x00007ff6129b0000 - 0x00007ff6129f7000 	C:\Program Files\Java\jdk1.8.0_281\bin\java.exe
0x00007ffcb22f0000 - 0x00007ffcb24e8000 	C:\WINDOWS\SYSTEM32\ntdll.dll
0x00007ffcb05b0000 - 0x00007ffcb066d000 	C:\WINDOWS\System32\KERNEL32.DLL
0x00007ffcafdc0000 - 0x00007ffcb0092000 	C:\WINDOWS\System32\KERNELBASE.dll
0x00007ffcb2110000 - 0x00007ffcb21be000 	C:\WINDOWS\System32\ADVAPI32.dll
0x00007ffcb0850000 - 0x00007ffcb08ee000 	C:\WINDOWS\System32\msvcrt.dll
0x00007ffcb2070000 - 0x00007ffcb210c000 	C:\WINDOWS\System32\sechost.dll
0x00007ffcb08f0000 - 0x00007ffcb0a15000 	C:\WINDOWS\System32\RPCRT4.dll
0x00007ffcb0b90000 - 0x00007ffcb0d2d000 	C:\WINDOWS\System32\USER32.dll
0x00007ffcafa00000 - 0x00007ffcafa22000 	C:\WINDOWS\System32\win32u.dll
0x00007ffcb12e0000 - 0x00007ffcb130b000 	C:\WINDOWS\System32\GDI32.dll
0x00007ffcafa30000 - 0x00007ffcafb3f000 	C:\WINDOWS\System32\gdi32full.dll
0x00007ffcb0150000 - 0x00007ffcb01ed000 	C:\WINDOWS\System32\msvcp_win.dll
0x00007ffcafb40000 - 0x00007ffcafc40000 	C:\WINDOWS\System32\ucrtbase.dll
0x00007ffc90300000 - 0x00007ffc9059a000 	C:\WINDOWS\WinSxS\amd64_microsoft.windows.common-controls_6595b64144ccf1df_6.0.19041.1110_none_60b5254171f9507e\COMCTL32.dll
0x00007ffcb0a80000 - 0x00007ffcb0ab0000 	C:\WINDOWS\System32\IMM32.DLL
0x00007ffcab200000 - 0x00007ffcab215000 	C:\Program Files\Java\jdk1.8.0_281\jre\bin\vcruntime140.dll
0x00007ffc86e20000 - 0x00007ffc86ebb000 	C:\Program Files\Java\jdk1.8.0_281\jre\bin\msvcp140.dll
0x0000000072c70000 - 0x00000000734cf000 	C:\Program Files\Java\jdk1.8.0_281\jre\bin\server\jvm.dll
0x00007ffcb2060000 - 0x00007ffcb2068000 	C:\WINDOWS\System32\PSAPI.DLL
0x00007ffcaae00000 - 0x00007ffcaae27000 	C:\WINDOWS\SYSTEM32\WINMM.dll
0x00007ffc9c270000 - 0x00007ffc9c279000 	C:\WINDOWS\SYSTEM32\WSOCK32.dll
0x00007ffca3110000 - 0x00007ffca311a000 	C:\WINDOWS\SYSTEM32\VERSION.dll
0x00007ffcb0d30000 - 0x00007ffcb0d9b000 	C:\WINDOWS\System32\WS2_32.dll
0x00007ffcae250000 - 0x00007ffcae262000 	C:\WINDOWS\SYSTEM32\kernel.appcore.dll
0x00007ffca9a20000 - 0x00007ffca9a30000 	C:\Program Files\Java\jdk1.8.0_281\jre\bin\verify.dll
0x00007ffca7ba0000 - 0x00007ffca7bcb000 	C:\Program Files\Java\jdk1.8.0_281\jre\bin\java.dll
0x00007ffca9b10000 - 0x00007ffca9b40000 	C:\Program Files\Java\jdk1.8.0_281\jre\bin\instrument.dll
0x00007ffca9a00000 - 0x00007ffca9a18000 	C:\Program Files\Java\jdk1.8.0_281\jre\bin\zip.dll
0x00007ffcb1550000 - 0x00007ffcb1c93000 	C:\WINDOWS\System32\SHELL32.dll
0x00007ffcadaa0000 - 0x00007ffcae231000 	C:\WINDOWS\SYSTEM32\windows.storage.dll
0x00007ffcb1d00000 - 0x00007ffcb2054000 	C:\WINDOWS\System32\combase.dll
0x00007ffcaf380000 - 0x00007ffcaf3b0000 	C:\WINDOWS\SYSTEM32\Wldp.dll
0x00007ffcb07a0000 - 0x00007ffcb084d000 	C:\WINDOWS\System32\SHCORE.dll
0x00007ffcb0a20000 - 0x00007ffcb0a75000 	C:\WINDOWS\System32\shlwapi.dll
0x00007ffcaf940000 - 0x00007ffcaf95f000 	C:\WINDOWS\SYSTEM32\profapi.dll
0x00007ffca5b70000 - 0x00007ffca5b8a000 	C:\Program Files\JetBrains\IntelliJ IDEA Community Edition 2022.2.2\bin\breakgen64.dll
0x00007ffca7b50000 - 0x00007ffca7b6c000 	C:\Program Files\Java\jdk1.8.0_281\jre\bin\net.dll
0x00007ffcaf0e0000 - 0x00007ffcaf14a000 	C:\WINDOWS\system32\mswsock.dll
0x00007ffcaae80000 - 0x00007ffcaae8d000 	C:\Program Files\Java\jdk1.8.0_281\jre\bin\management.dll
0x00007ffc96ff0000 - 0x00007ffc97007000 	C:\WINDOWS\system32\napinsp.dll
0x00007ffc96e80000 - 0x00007ffc96e9b000 	C:\WINDOWS\system32\pnrpnsp.dll
0x00007ffcaa450000 - 0x00007ffcaa465000 	C:\WINDOWS\system32\wshbth.dll
0x00007ffcaa9d0000 - 0x00007ffcaa9ed000 	C:\WINDOWS\system32\NLAapi.dll
0x00007ffcaedd0000 - 0x00007ffcaee0b000 	C:\WINDOWS\SYSTEM32\IPHLPAPI.DLL
0x00007ffcaee10000 - 0x00007ffcaeeda000 	C:\WINDOWS\SYSTEM32\DNSAPI.dll
0x00007ffcb0670000 - 0x00007ffcb0678000 	C:\WINDOWS\System32\NSI.dll
0x00007ffc96e60000 - 0x00007ffc96e72000 	C:\WINDOWS\System32\winrnr.dll
0x00007ffca7640000 - 0x00007ffca764a000 	C:\Windows\System32\rasadhlp.dll
0x00007ffc9e9d0000 - 0x00007ffc9ea50000 	C:\WINDOWS\System32\fwpuclnt.dll
0x00007ffcafd40000 - 0x00007ffcafd67000 	C:\WINDOWS\System32\bcrypt.dll
0x00007ffca7b30000 - 0x00007ffca7b43000 	C:\Program Files\Java\jdk1.8.0_281\jre\bin\nio.dll
0x00007ffcaf2e0000 - 0x00007ffcaf2f8000 	C:\WINDOWS\SYSTEM32\CRYPTSP.dll
0x00007ffcaea00000 - 0x00007ffcaea34000 	C:\WINDOWS\system32\rsaenh.dll
0x00007ffcaf8c0000 - 0x00007ffcaf8ee000 	C:\WINDOWS\SYSTEM32\USERENV.dll
0x00007ffcafcb0000 - 0x00007ffcafd32000 	C:\WINDOWS\System32\bcryptprimitives.dll
0x00007ffcaf2d0000 - 0x00007ffcaf2dc000 	C:\WINDOWS\SYSTEM32\CRYPTBASE.dll
0x00007ffca3220000 - 0x00007ffca3237000 	C:\WINDOWS\SYSTEM32\dhcpcsvc6.DLL
0x00007ffca50c0000 - 0x00007ffca50dd000 	C:\WINDOWS\SYSTEM32\dhcpcsvc.DLL
0x00007ffcacef0000 - 0x00007ffcad0d4000 	C:\WINDOWS\SYSTEM32\dbghelp.dll

VM Arguments:
jvm_args: -javaagent:C:\Program Files\JetBrains\IntelliJ IDEA Community Edition 2022.2.2\lib\idea_rt.jar=56382:C:\Program Files\JetBrains\IntelliJ IDEA Community Edition 2022.2.2\bin -Dfile.encoding=UTF-8 
java_command: com.security.springjwt.SpringBootSecurityJwtApplication
java_class_path (initial): C:\Program Files\Java\jdk1.8.0_281\jre\lib\charsets.jar;C:\Program Files\Java\jdk1.8.0_281\jre\lib\deploy.jar;C:\Program Files\Java\jdk1.8.0_281\jre\lib\ext\access-bridge-64.jar;C:\Program Files\Java\jdk1.8.0_281\jre\lib\ext\cldrdata.jar;C:\Program Files\Java\jdk1.8.0_281\jre\lib\ext\dnsns.jar;C:\Program Files\Java\jdk1.8.0_281\jre\lib\ext\jaccess.jar;C:\Program Files\Java\jdk1.8.0_281\jre\lib\ext\jfxrt.jar;C:\Program Files\Java\jdk1.8.0_281\jre\lib\ext\localedata.jar;C:\Program Files\Java\jdk1.8.0_281\jre\lib\ext\nashorn.jar;C:\Program Files\Java\jdk1.8.0_281\jre\lib\ext\sunec.jar;C:\Program Files\Java\jdk1.8.0_281\jre\lib\ext\sunjce_provider.jar;C:\Program Files\Java\jdk1.8.0_281\jre\lib\ext\sunmscapi.jar;C:\Program Files\Java\jdk1.8.0_281\jre\lib\ext\sunpkcs11.jar;C:\Program Files\Java\jdk1.8.0_281\jre\lib\ext\zipfs.jar;C:\Program Files\Java\jdk1.8.0_281\jre\lib\javaws.jar;C:\Program Files\Java\jdk1.8.0_281\jre\lib\jce.jar;C:\Program Files\Java\jdk1.8.0_281\jre\lib\jfr.jar;C:\Program Files\Java\jdk1.8.0_281\jre\lib\jfxswt.jar;C:\Program Files\Java\jdk1.8.0_281\jre\lib\jsse.jar;C:\Program Files\Java\jdk1.8.0_281\jre\lib\management-agent.jar;C:\Program Files\Java\jdk1.8.0_281\jre\lib\plugin.jar;C:\Program Files\Java\jdk1.8.0_281\jre\lib\resources.jar;C:\Program Files\Java\jdk1.8.0_281\jre\lib\rt.jar;C:\Users\dell\Desktop\spring-boot-spring-security-jwt-authentication-master\target\classes;C:\Users\dell\.m2\repository\org\springframework\boot\spring-boot-starter-data-jpa\2.7.3\spring-boot-starter-data-jpa-2.7.3.jar;C:\Users\dell\.m2\repository\org\springframework\boot\spring-boot-starter-aop\2.7.3\spring-boot-starter-aop-2.7.3.jar;C:\Users\dell\.m2\repository\org\aspectj\aspectjweaver\1.9.7\aspectjweaver-1.9.7.jar;C:\Users\dell\.m2\repository\org\springframework\boot\spring-boot-starter-jdbc\2.7.3\spring-boot-starter-jdbc-2.7.3.jar;C:\Users\dell\.m2\repository\com\zaxxer\HikariCP\4.0.3\HikariCP-4.0.3.jar;C:\Users\dell\.m2\repository\org\
Launcher Type: SUN_STANDARD

Environment Variables:
JAVA_HOME=C:\Program Files\Java\jdk1.8.0_281
JRE_HOME=C:\Program Files\Java\jre1.8.0_281
PATH=C:\Program Files (x86)\Common Files\Oracle\Java\javapath;C:\WINDOWS\system32;C:\WINDOWS;C:\WINDOWS\System32\Wbem;C:\WINDOWS\System32\WindowsPowerShell\v1.0\;C:\WINDOWS\System32\OpenSSH\;C:\Program Files\Java\jdk1.8.0_281\bin;C:\Program Files\Apache Software Foundation\Tomcat 8.5\bin;C:\Program Files\Git\cmd;C:\Program Files\MySQL\MySQL Shell 8.0\bin\;C:\Users\dell\AppData\Local\Microsoft\WindowsApps;;C:\Users\dell\AppData\Local\Programs\Microsoft VS Code\bin
USERNAME=dell
OS=Windows_NT
PROCESSOR_IDENTIFIER=Intel64 Family 6 Model 142 Stepping 9, GenuineIntel



---------------  S Y S T E M  ---------------

OS: Windows 10.0 , 64 bit Build 19041 (10.0.19041.1889)

CPU:total 4 (initial active 4) (2 cores per cpu, 2 threads per core) family 6 model 142 stepping 9, cmov, cx8, fxsr, mmx, sse, sse2, sse3, ssse3, sse4.1, sse4.2, popcnt, avx, avx2, aes, clmul, erms, rtm, 3dnowpref, lzcnt, ht, tsc, tscinvbit, bmi1, bmi2, adx

Memory: 4k page, physical 16355908k(5500336k free), swap 18453060k(4104k free)

vm_info: Java HotSpot(TM) 64-Bit Server VM (25.281-b09) for windows-amd64 JRE (1.8.0_281-b09), built on Dec  9 2020 13:54:07 by "" with MS VC++ 15.9 (VS2017)

time: Thu Oct 20 13:16:05 2022
timezone: India Standard Time
elapsed time: 3.801236 seconds (0d 0h 0m 3s)

